Arguments: 
  C:\Program Files\nodejs\node.exe C:\Program Files (x86)\Yarn\bin\yarn.js add @prisma/client@latest

PATH: 
  C:\Program Files\Git\mingw64\bin;C:\Program Files\Git\usr\bin;C:\Users\deryx\bin;C:\Program Files (x86)\Common Files\Intel\Shared Libraries\redist\intel64\compiler;C:\Python37\Scripts;C:\Python37;C:\Program Files\Java\jdk1.8.0_112\bin;C:\WINDOWS;C:\WINDOWS\System32\Wbem;C:\WINDOWS\System32\WindowsPowerShell\v1.0;C:\Program Files\Microsoft SQL Server\110\Tools\Binn;C:\Program Files\Microsoft SQL Server\120\Tools\Binn;C:\Users\deryx\.dnx\bin;C:\Program Files\Microsoft DNX\Dnvm;C:\Program Files\Microsoft SQL Server\130\Tools\Binn;C:\Program Files\Git\cmd;C:\Program Files (x86)\Yarn\bin;C:\Program Files\dotnet;C:\Program Files (x86)\GtkSharp\2.12\bi;C:\Program Files\Microsoft SQL Server\Client SDK\ODBC\130\Tools\Binn;C:\Program Files (x86)\Microsoft SQL Server\140\Tools\Binn;C:\Program Files\Microsoft SQL Server\140\Tools\Binn;C:\Program Files\Microsoft SQL Server\140\DTS\Binn;C:\WINDOWS\system32;C:\Program Files (x86)\Git\cmd;C:\Program Files (x86)\Calibre2;C:\WINDOWS\System32\OpenSSH;C:\ProgramData\chocolatey\bin;C:\Program Files\PuTTY;C:\WINDOWS\system32;C:\WINDOWS;C:\WINDOWS\System32\Wbem;C:\WINDOWS\System32\WindowsPowerShell\v1.0;C:\WINDOWS\System32\OpenSSH;C:\Program Files\Microsoft SQL Server\Client SDK\ODBC\170\Tools\Binn;C:\Program Files\nodejs;C:\RailsInstaller\Git\cmd;C:\RailsInstaller\Ruby2.3.3\bin;C:\Python37\Scripts;C:\Python37;C:\Program Files (x86)\Microsoft VS Code\bin;C:\Users\deryx\AppData\Local\Microsoft\WindowsApps;C:\Users\deryx\AppData\Local\atom\bin;C:\Users\deryx\AppData\Local\Yarn\bin;C:\Users\deryx\AppData\Local\GitHubDesktop\bin;C:\Users\deryx\AppData\Local\Microsoft\WindowsApps;C:\Users\deryx\AppData\Local\Programs\Microsoft VS Code\bin;C:\Exercism;C:\Users\deryx\Documents\flutter\bin;C:\Users\deryx\AppData\Roaming\npm

Yarn version: 
  0.24.6

Node version: 
  17.4.0

Platform: 
  win32 x64

npm manifest: 
  {
    "name": "react-spanish-tutor",
    "version": "1.0.0",
    "description": "An application to learn beginning Spanish using React",
    "main": "index.js",
    "scripts": {
      "dev": "next dev",
      "build": "next build",
      "start": "next start",
      "vercel-build": "prisma generate && prisma migrate deploy && next build",
      "prisma:generate": "prisma generate"
    },
    "keywords": [
      "Spanish",
      "beginning Spanish",
      "Spanish verbs",
      "Spanish vocabulary",
      "Spanish words",
      "react application",
      "Spanish games",
      "Spanish flashcards",
      "Spanish verb conjugation"
    ],
    "author": "Deryx E. Scott",
    "license": "ISC",
    "dependencies": {
      "@prisma/client": "^4.2.1",
      "animate.css": "^4.1.1",
      "bootstrap": "^5.2.0",
      "framer-motion": "^9.0.3",
      "next": "^12.2.4",
      "react": "^18.2.0",
      "react-beautiful-dnd": "^13.1.1",
      "react-dom": "^18.2.0",
      "sass": "^1.54.3"
    },
    "devDependencies": {
      "@types/node": "^18.6.5",
      "@types/react": "^18.0.17",
      "prisma": "^4.2.1",
      "typescript": "^4.7.4"
    }
  }

yarn manifest: 
  No manifest

Lockfile: 
  # THIS IS AN AUTOGENERATED FILE. DO NOT EDIT THIS FILE DIRECTLY.
  # yarn lockfile v1
  
  
  "@babel/runtime@^7.15.4", "@babel/runtime@^7.9.2":
    "integrity" "sha512-mrzLkl6U9YLF8qpqI7TB82PESyEGjm/0Ly91jG575eVxMMlb8fYfOXFZIJ8XfLrJZQbm7dlKry2bJmXBUEkdFg=="
    "resolved" "https://registry.npmjs.org/@babel/runtime/-/runtime-7.20.1.tgz"
    "version" "7.20.1"
    dependencies:
      "regenerator-runtime" "^0.13.10"
  
  "@emotion/is-prop-valid@^0.8.2":
    "integrity" "sha512-u5WtneEAr5IDG2Wv65yhunPSMLIpuKsbuOktRojfrEiEvRyC85LgPMZI63cr7NUqT8ZIGdSVg8ZKGxIug4lXcA=="
    "resolved" "https://registry.npmjs.org/@emotion/is-prop-valid/-/is-prop-valid-0.8.8.tgz"
    "version" "0.8.8"
    dependencies:
      "@emotion/memoize" "0.7.4"
  
  "@emotion/memoize@0.7.4":
    "integrity" "sha512-Ja/Vfqe3HpuzRsG1oBtWTHk2PGZ7GR+2Vz5iYGelAw8dx32K0y7PjVuxK6z1nMpZOqAFsRUPCkK1YjJ56qJlgw=="
    "resolved" "https://registry.npmjs.org/@emotion/memoize/-/memoize-0.7.4.tgz"
    "version" "0.7.4"
  
  "@motionone/animation@^10.15.1":
    "integrity" "sha512-mZcJxLjHor+bhcPuIFErMDNyrdb2vJur8lSfMCsuCB4UyV8ILZLvK+t+pg56erv8ud9xQGK/1OGPt10agPrCyQ=="
    "resolved" "https://registry.npmjs.org/@motionone/animation/-/animation-10.15.1.tgz"
    "version" "10.15.1"
    dependencies:
      "@motionone/easing" "^10.15.1"
      "@motionone/types" "^10.15.1"
      "@motionone/utils" "^10.15.1"
      "tslib" "^2.3.1"
  
  "@motionone/dom@^10.15.3":
    "integrity" "sha512-Xc5avlgyh3xukU9tydh9+8mB8+2zAq+WlLsC3eEIp7Ax7DnXgY7Bj/iv0a4X2R9z9ZFZiaXK3BO0xMYHKbAAdA=="
    "resolved" "https://registry.npmjs.org/@motionone/dom/-/dom-10.15.5.tgz"
    "version" "10.15.5"
    dependencies:
      "@motionone/animation" "^10.15.1"
      "@motionone/generators" "^10.15.1"
      "@motionone/types" "^10.15.1"
      "@motionone/utils" "^10.15.1"
      "hey-listen" "^1.0.8"
      "tslib" "^2.3.1"
  
  "@motionone/easing@^10.15.1":
    "integrity" "sha512-6hIHBSV+ZVehf9dcKZLT7p5PEKHGhDwky2k8RKkmOvUoYP3S+dXsKupyZpqx5apjd9f+php4vXk4LuS+ADsrWw=="
    "resolved" "https://registry.npmjs.org/@motionone/easing/-/easing-10.15.1.tgz"
    "version" "10.15.1"
    dependencies:
      "@motionone/utils" "^10.15.1"
      "tslib" "^2.3.1"
  
  "@motionone/generators@^10.15.1":
    "integrity" "sha512-67HLsvHJbw6cIbLA/o+gsm7h+6D4Sn7AUrB/GPxvujse1cGZ38F5H7DzoH7PhX+sjvtDnt2IhFYF2Zp1QTMKWQ=="
    "resolved" "https://registry.npmjs.org/@motionone/generators/-/generators-10.15.1.tgz"
    "version" "10.15.1"
    dependencies:
      "@motionone/types" "^10.15.1"
      "@motionone/utils" "^10.15.1"
      "tslib" "^2.3.1"
  
  "@motionone/types@^10.15.1":
    "integrity" "sha512-iIUd/EgUsRZGrvW0jqdst8st7zKTzS9EsKkP+6c6n4MPZoQHwiHuVtTQLD6Kp0bsBLhNzKIBlHXponn/SDT4hA=="
    "resolved" "https://registry.npmjs.org/@motionone/types/-/types-10.15.1.tgz"
    "version" "10.15.1"
  
  "@motionone/utils@^10.15.1":
    "integrity" "sha512-p0YncgU+iklvYr/Dq4NobTRdAPv9PveRDUXabPEeOjBLSO/1FNB2phNTZxOxpi1/GZwYpAoECEa0Wam+nsmhSw=="
    "resolved" "https://registry.npmjs.org/@motionone/utils/-/utils-10.15.1.tgz"
    "version" "10.15.1"
    dependencies:
      "@motionone/types" "^10.15.1"
      "hey-listen" "^1.0.8"
      "tslib" "^2.3.1"
  
  "@next/env@12.2.4":
    "integrity" "sha512-/gApFXWk5CCLFQJL5IYJXxPQuG5tz5nPX4l27A9Zm/+wJxiwFrRSP54AopDxIv4JRp/rGwcgk/lZS/0Clw8jYA=="
    "resolved" "https://registry.npmjs.org/@next/env/-/env-12.2.4.tgz"
    "version" "12.2.4"
  
  "@next/swc-win32-x64-msvc@12.2.4":
    "integrity" "sha512-5Pl1tdMJWLy4rvzU1ecx0nHWgDPqoYuvYoXE/5X0Clu9si/yOuBIj573F2kOTY7mu0LX2wgCJVSnyK0abHBxIw=="
    "resolved" "https://registry.npmjs.org/@next/swc-win32-x64-msvc/-/swc-win32-x64-msvc-12.2.4.tgz"
    "version" "12.2.4"
  
  "@popperjs/core@^2.11.5":
    "integrity" "sha512-9X2obfABZuDVLCgPK9aX0a/x4jaOEweTTWE2+9sr0Qqqevj2Uv5XorvusThmc9XGYpS9yI+fhh8RTafBtGposw=="
    "resolved" "https://registry.npmjs.org/@popperjs/core/-/core-2.11.5.tgz"
    "version" "2.11.5"
  
  "@prisma/client@^4.2.1":
    "integrity" "sha512-PZBkY60+k5oix+e6IUfl3ub8TbRLNsPLdfWrdy2eh80WcHTaT+/UfvXf/B7gXedH7FRtbPFHZXk1hZenJiJZFQ=="
    "resolved" "https://registry.npmjs.org/@prisma/client/-/client-4.2.1.tgz"
    "version" "4.2.1"
    dependencies:
      "@prisma/engines-version" "4.2.0-33.2920a97877e12e055c1333079b8d19cee7f33826"
  
  "@prisma/engines-version@4.2.0-33.2920a97877e12e055c1333079b8d19cee7f33826":
    "integrity" "sha512-tktkqdiwqE4QhmE088boPt+FwPj1Jub/zk+5F6sEfcRHzO5yz9jyMD5HFVtiwxZPLx/8Xg9ElnuTi8E5lWVQFQ=="
    "resolved" "https://registry.npmjs.org/@prisma/engines-version/-/engines-version-4.2.0-33.2920a97877e12e055c1333079b8d19cee7f33826.tgz"
    "version" "4.2.0-33.2920a97877e12e055c1333079b8d19cee7f33826"
  
  "@prisma/engines@4.2.1":
    "integrity" "sha512-0KqBwREUOjBiHwITsQzw2DWfLHjntvbqzGRawj4sBMnIiL5CXwyDUKeHOwXzKMtNr1rEjxEsypM14g0CzLRK3g=="
    "resolved" "https://registry.npmjs.org/@prisma/engines/-/engines-4.2.1.tgz"
    "version" "4.2.1"
  
  "@swc/helpers@0.4.3":
    "integrity" "sha512-6JrF+fdUK2zbGpJIlN7G3v966PQjyx/dPt1T9km2wj+EUBqgrxCk3uX4Kct16MIm9gGxfKRcfax2hVf5jvlTzA=="
    "resolved" "https://registry.npmjs.org/@swc/helpers/-/helpers-0.4.3.tgz"
    "version" "0.4.3"
    dependencies:
      "tslib" "^2.4.0"
  
  "@types/hoist-non-react-statics@^3.3.0":
    "integrity" "sha512-iMIqiko6ooLrTh1joXodJK5X9xeEALT1kM5G3ZLhD3hszxBdIEd5C75U834D9mLcINgD4OyZf5uQXjkuYydWvA=="
    "resolved" "https://registry.npmjs.org/@types/hoist-non-react-statics/-/hoist-non-react-statics-3.3.1.tgz"
    "version" "3.3.1"
    dependencies:
      "@types/react" "*"
      "hoist-non-react-statics" "^3.3.0"
  
  "@types/node@^18.6.5":
    "integrity" "sha512-Xjt5ZGUa5WusGZJ4WJPbOT8QOqp6nDynVFRKcUt32bOgvXEoc6o085WNkYTMO7ifAj2isEfQQ2cseE+wT6jsRw=="
    "resolved" "https://registry.npmjs.org/@types/node/-/node-18.6.5.tgz"
    "version" "18.6.5"
  
  "@types/prop-types@*":
    "integrity" "sha512-JCB8C6SnDoQf0cNycqd/35A7MjcnK+ZTqE7judS6o7utxUCg6imJg3QK2qzHKszlTjcj2cn+NwMB2i96ubpj7w=="
    "resolved" "https://registry.npmjs.org/@types/prop-types/-/prop-types-15.7.5.tgz"
    "version" "15.7.5"
  
  "@types/react-redux@^7.1.20":
    "integrity" "sha512-7FkurKcS1k0FHZEtdbbgN8Oc6b+stGSfZYjQGicofJ0j4U0qIn/jaSvnP2pLwZKiai3/17xqqxkkrxTgN8UNbQ=="
    "resolved" "https://registry.npmjs.org/@types/react-redux/-/react-redux-7.1.24.tgz"
    "version" "7.1.24"
    dependencies:
      "@types/hoist-non-react-statics" "^3.3.0"
      "@types/react" "*"
      "hoist-non-react-statics" "^3.3.0"
      "redux" "^4.0.0"
  
  "@types/react@*", "@types/react@^18.0.17":
    "integrity" "sha512-38ETy4tL+rn4uQQi7mB81G7V1g0u2ryquNmsVIOKUAEIDK+3CUjZ6rSRpdvS99dNBnkLFL83qfmtLacGOTIhwQ=="
    "resolved" "https://registry.npmjs.org/@types/react/-/react-18.0.17.tgz"
    "version" "18.0.17"
    dependencies:
      "@types/prop-types" "*"
      "@types/scheduler" "*"
      "csstype" "^3.0.2"
  
  "@types/scheduler@*":
    "integrity" "sha512-hppQEBDmlwhFAXKJX2KnWLYu5yMfi91yazPb2l+lbJiwW+wdo1gNeRA+3RgNSO39WYX2euey41KEwnqesU2Jew=="
    "resolved" "https://registry.npmjs.org/@types/scheduler/-/scheduler-0.16.2.tgz"
    "version" "0.16.2"
  
  "animate.css@^4.1.1":
    "integrity" "sha512-+mRmCTv6SbCmtYJCN4faJMNFVNN5EuCTTprDTAo7YzIGji2KADmakjVA3+8mVDkZ2Bf09vayB35lSQIex2+QaQ=="
    "resolved" "https://registry.npmjs.org/animate.css/-/animate.css-4.1.1.tgz"
    "version" "4.1.1"
  
  "anymatch@~3.1.2":
    "integrity" "sha512-P43ePfOAIupkguHUycrc4qJ9kz8ZiuOUijaETwX7THt0Y/GNK7v0aa8rY816xWjZ7rJdA5XdMcpVFTKMq+RvWg=="
    "resolved" "https://registry.npmjs.org/anymatch/-/anymatch-3.1.2.tgz"
    "version" "3.1.2"
    dependencies:
      "normalize-path" "^3.0.0"
      "picomatch" "^2.0.4"
  
  "binary-extensions@^2.0.0":
    "integrity" "sha512-jDctJ/IVQbZoJykoeHbhXpOlNBqGNcwXJKJog42E5HDPUwQTSdjCHdihjj0DlnheQ7blbT6dHOafNAiS8ooQKA=="
    "resolved" "https://registry.npmjs.org/binary-extensions/-/binary-extensions-2.2.0.tgz"
    "version" "2.2.0"
  
  "bootstrap@^5.2.0":
    "integrity" "sha512-qlnS9GL6YZE6Wnef46GxGv1UpGGzAwO0aPL1yOjzDIJpeApeMvqV24iL+pjr2kU4dduoBA9fINKWKgMToobx9A=="
    "resolved" "https://registry.npmjs.org/bootstrap/-/bootstrap-5.2.0.tgz"
    "version" "5.2.0"
  
  "braces@~3.0.2":
    "integrity" "sha512-b8um+L1RzM3WDSzvhm6gIz1yfTbBt6YTlcEKAvsmqCZZFw46z626lVj9j1yEPW33H5H+lBQpZMP1k8l+78Ha0A=="
    "resolved" "https://registry.npmjs.org/braces/-/braces-3.0.2.tgz"
    "version" "3.0.2"
    dependencies:
      "fill-range" "^7.0.1"
  
  "caniuse-lite@^1.0.30001332":
    "integrity" "sha512-mWvzatRx3w+j5wx/mpFN5v5twlPrabG8NqX2c6e45LCpymdoGqNvRkRutFUqpRTXKFQFNQJasvK0YT7suW6/Hw=="
    "resolved" "https://registry.npmjs.org/caniuse-lite/-/caniuse-lite-1.0.30001374.tgz"
    "version" "1.0.30001374"
  
  "chokidar@>=3.0.0 <4.0.0":
    "integrity" "sha512-Dr3sfKRP6oTcjf2JmUmFJfeVMvXBdegxB0iVQ5eb2V10uFJUCAS8OByZdVAyVb8xXNz3GjjTgj9kLWsZTqE6kw=="
    "resolved" "https://registry.npmjs.org/chokidar/-/chokidar-3.5.3.tgz"
    "version" "3.5.3"
    dependencies:
      "anymatch" "~3.1.2"
      "braces" "~3.0.2"
      "glob-parent" "~5.1.2"
      "is-binary-path" "~2.1.0"
      "is-glob" "~4.0.1"
      "normalize-path" "~3.0.0"
      "readdirp" "~3.6.0"
    optionalDependencies:
      "fsevents" "~2.3.2"
  
  "css-box-model@^1.2.0":
    "integrity" "sha512-a7Vr4Q/kd/aw96bnJG332W9V9LkJO69JRcaCYDUqjp6/z0w6VcZjgAcTbgFxEPfBgdnAwlh3iwu+hLopa+flJw=="
    "resolved" "https://registry.npmjs.org/css-box-model/-/css-box-model-1.2.1.tgz"
    "version" "1.2.1"
    dependencies:
      "tiny-invariant" "^1.0.6"
  
  "csstype@^3.0.2":
    "integrity" "sha512-uX1KG+x9h5hIJsaKR9xHUeUraxf8IODOwq9JLNPq6BwB04a/xgpq3rcx47l5BZu5zBPlgD342tdke3Hom/nJRA=="
    "resolved" "https://registry.npmjs.org/csstype/-/csstype-3.1.0.tgz"
    "version" "3.1.0"
  
  "fill-range@^7.0.1":
    "integrity" "sha512-qOo9F+dMUmC2Lcb4BbVvnKJxTPjCm+RRpe4gDuGrzkL7mEVl/djYSu2OdQ2Pa302N4oqkSg9ir6jaLWJ2USVpQ=="
    "resolved" "https://registry.npmjs.org/fill-range/-/fill-range-7.0.1.tgz"
    "version" "7.0.1"
    dependencies:
      "to-regex-range" "^5.0.1"
  
  "framer-motion@^9.0.3":
    "integrity" "sha512-QcMWXcwvBmInzFpkIgtLx8VQ/+H9+EhiHVgnx6zsOWTGmcvzFqkrw6SLTZn5fKejCaf3RznqkshhxXipBpe9ig=="
    "resolved" "https://registry.npmjs.org/framer-motion/-/framer-motion-9.0.3.tgz"
    "version" "9.0.3"
    dependencies:
      "@motionone/dom" "^10.15.3"
      "hey-listen" "^1.0.8"
      "tslib" "^2.4.0"
    optionalDependencies:
      "@emotion/is-prop-valid" "^0.8.2"
  
  "glob-parent@~5.1.2":
    "integrity" "sha512-AOIgSQCepiJYwP3ARnGx+5VnTu2HBYdzbGP45eLw1vr3zB3vZLeyed1sC9hnbcOc9/SrMyM5RPQrkGz4aS9Zow=="
    "resolved" "https://registry.npmjs.org/glob-parent/-/glob-parent-5.1.2.tgz"
    "version" "5.1.2"
    dependencies:
      "is-glob" "^4.0.1"
  
  "hey-listen@^1.0.8":
    "integrity" "sha512-COpmrF2NOg4TBWUJ5UVyaCU2A88wEMkUPK4hNqyCkqHbxT92BbvfjoSozkAIIm6XhicGlJHhFdullInrdhwU8Q=="
    "resolved" "https://registry.npmjs.org/hey-listen/-/hey-listen-1.0.8.tgz"
    "version" "1.0.8"
  
  "hoist-non-react-statics@^3.3.0", "hoist-non-react-statics@^3.3.2":
    "integrity" "sha512-/gGivxi8JPKWNm/W0jSmzcMPpfpPLc3dY/6GxhX2hQ9iGj3aDfklV4ET7NjKpSinLpJ5vafa9iiGIEZg10SfBw=="
    "resolved" "https://registry.npmjs.org/hoist-non-react-statics/-/hoist-non-react-statics-3.3.2.tgz"
    "version" "3.3.2"
    dependencies:
      "react-is" "^16.7.0"
  
  "immutable@^4.0.0":
    "integrity" "sha512-oNkuqVTA8jqG1Q6c+UglTOD1xhC1BtjKI7XkCXRkZHrN5m18/XsnUp8Q89GkQO/z+0WjonSvl0FLhDYftp46nQ=="
    "resolved" "https://registry.npmjs.org/immutable/-/immutable-4.1.0.tgz"
    "version" "4.1.0"
  
  "is-binary-path@~2.1.0":
    "integrity" "sha512-ZMERYes6pDydyuGidse7OsHxtbI7WVeUEozgR/g7rd0xUimYNlvZRE/K2MgZTjWy725IfelLeVcEM97mmtRGXw=="
    "resolved" "https://registry.npmjs.org/is-binary-path/-/is-binary-path-2.1.0.tgz"
    "version" "2.1.0"
    dependencies:
      "binary-extensions" "^2.0.0"
  
  "is-extglob@^2.1.1":
    "integrity" "sha512-SbKbANkN603Vi4jEZv49LeVJMn4yGwsbzZworEoyEiutsN3nJYdbO36zfhGJ6QEDpOZIFkDtnq5JRxmvl3jsoQ=="
    "resolved" "https://registry.npmjs.org/is-extglob/-/is-extglob-2.1.1.tgz"
    "version" "2.1.1"
  
  "is-glob@^4.0.1", "is-glob@~4.0.1":
    "integrity" "sha512-xelSayHH36ZgE7ZWhli7pW34hNbNl8Ojv5KVmkJD4hBdD3th8Tfk9vYasLM+mXWOZhFkgZfxhLSnrwRr4elSSg=="
    "resolved" "https://registry.npmjs.org/is-glob/-/is-glob-4.0.3.tgz"
    "version" "4.0.3"
    dependencies:
      "is-extglob" "^2.1.1"
  
  "is-number@^7.0.0":
    "integrity" "sha512-41Cifkg6e8TylSpdtTpeLVMqvSBEVzTttHvERD741+pnZ8ANv0004MRL43QKPDlK9cGvNp6NZWZUBlbGXYxxng=="
    "resolved" "https://registry.npmjs.org/is-number/-/is-number-7.0.0.tgz"
    "version" "7.0.0"
  
  "js-tokens@^3.0.0 || ^4.0.0":
    "integrity" "sha512-RdJUflcE3cUzKiMqQgsCu06FPu9UdIJO0beYbPhHN4k6apgJtifcoCtT9bcxOpYBtpD2kCM6Sbzg4CausW/PKQ=="
    "resolved" "https://registry.npmjs.org/js-tokens/-/js-tokens-4.0.0.tgz"
    "version" "4.0.0"
  
  "loose-envify@^1.1.0", "loose-envify@^1.4.0":
    "integrity" "sha512-lyuxPGr/Wfhrlem2CL/UcnUc1zcqKAImBDzukY7Y5F/yQiNdko6+fRLevlw1HgMySw7f611UIY408EtxRSoK3Q=="
    "resolved" "https://registry.npmjs.org/loose-envify/-/loose-envify-1.4.0.tgz"
    "version" "1.4.0"
    dependencies:
      "js-tokens" "^3.0.0 || ^4.0.0"
  
  "memoize-one@^5.1.1":
    "integrity" "sha512-zYiwtZUcYyXKo/np96AGZAckk+FWWsUdJ3cHGGmld7+AhvcWmQyGCYUh1hc4Q/pkOhb65dQR/pqCyK0cOaHz4Q=="
    "resolved" "https://registry.npmjs.org/memoize-one/-/memoize-one-5.2.1.tgz"
    "version" "5.2.1"
  
  "nanoid@^3.3.4":
    "integrity" "sha512-MqBkQh/OHTS2egovRtLk45wEyNXwF+cokD+1YPf9u5VfJiRdAiRwB2froX5Co9Rh20xs4siNPm8naNotSD6RBw=="
    "resolved" "https://registry.npmjs.org/nanoid/-/nanoid-3.3.4.tgz"
    "version" "3.3.4"
  
  "next@^12.2.4":
    "integrity" "sha512-b1xlxEozmAWokAXzXsi5vlmU/IfJcFNIJA8dpU5UdkFbyDPio8wwb8mAQ/Y7rGtfTgG/t/u49BiyEA+xAgFvow=="
    "resolved" "https://registry.npmjs.org/next/-/next-12.2.4.tgz"
    "version" "12.2.4"
    dependencies:
      "@next/env" "12.2.4"
      "@swc/helpers" "0.4.3"
      "caniuse-lite" "^1.0.30001332"
      "postcss" "8.4.14"
      "styled-jsx" "5.0.2"
      "use-sync-external-store" "1.2.0"
    optionalDependencies:
      "@next/swc-android-arm-eabi" "12.2.4"
      "@next/swc-android-arm64" "12.2.4"
      "@next/swc-darwin-arm64" "12.2.4"
      "@next/swc-darwin-x64" "12.2.4"
      "@next/swc-freebsd-x64" "12.2.4"
      "@next/swc-linux-arm-gnueabihf" "12.2.4"
      "@next/swc-linux-arm64-gnu" "12.2.4"
      "@next/swc-linux-arm64-musl" "12.2.4"
      "@next/swc-linux-x64-gnu" "12.2.4"
      "@next/swc-linux-x64-musl" "12.2.4"
      "@next/swc-win32-arm64-msvc" "12.2.4"
      "@next/swc-win32-ia32-msvc" "12.2.4"
      "@next/swc-win32-x64-msvc" "12.2.4"
  
  "normalize-path@^3.0.0", "normalize-path@~3.0.0":
    "integrity" "sha512-6eZs5Ls3WtCisHWp9S2GUy8dqkpGi4BVSz3GaqiE6ezub0512ESztXUwUB6C6IKbQkY2Pnb/mD4WYojCRwcwLA=="
    "resolved" "https://registry.npmjs.org/normalize-path/-/normalize-path-3.0.0.tgz"
    "version" "3.0.0"
  
  "object-assign@^4.1.1":
    "integrity" "sha512-rJgTQnkUnH1sFw8yT6VSU3zD3sWmu6sZhIseY8VX+GRu3P6F7Fu+JNDoXfklElbLJSnc3FUQHVe4cU5hj+BcUg=="
    "resolved" "https://registry.npmjs.org/object-assign/-/object-assign-4.1.1.tgz"
    "version" "4.1.1"
  
  "picocolors@^1.0.0":
    "integrity" "sha512-1fygroTLlHu66zi26VoTDv8yRgm0Fccecssto+MhsZ0D/DGW2sm8E8AjW7NU5VVTRt5GxbeZ5qBuJr+HyLYkjQ=="
    "resolved" "https://registry.npmjs.org/picocolors/-/picocolors-1.0.0.tgz"
    "version" "1.0.0"
  
  "picomatch@^2.0.4", "picomatch@^2.2.1":
    "integrity" "sha512-JU3teHTNjmE2VCGFzuY8EXzCDVwEqB2a8fsIvwaStHhAWJEeVd1o1QD80CU6+ZdEXXSLbSsuLwJjkCBWqRQUVA=="
    "resolved" "https://registry.npmjs.org/picomatch/-/picomatch-2.3.1.tgz"
    "version" "2.3.1"
  
  "postcss@8.4.14":
    "integrity" "sha512-E398TUmfAYFPBSdzgeieK2Y1+1cpdxJx8yXbK/m57nRhKSmk1GB2tO4lbLBtlkfPQTDKfe4Xqv1ASWPpayPEig=="
    "resolved" "https://registry.npmjs.org/postcss/-/postcss-8.4.14.tgz"
    "version" "8.4.14"
    dependencies:
      "nanoid" "^3.3.4"
      "picocolors" "^1.0.0"
      "source-map-js" "^1.0.2"
  
  "prisma@*", "prisma@^4.2.1":
    "integrity" "sha512-HuYqnTDgH8atjPGtYmY0Ql9XrrJnfW7daG1PtAJRW0E6gJxc50lY3vrIDn0yjMR3TvRlypjTcspQX8DT+xD4Sg=="
    "resolved" "https://registry.npmjs.org/prisma/-/prisma-4.2.1.tgz"
    "version" "4.2.1"
    dependencies:
      "@prisma/engines" "4.2.1"
  
  "prop-types@^15.7.2":
    "integrity" "sha512-oj87CgZICdulUohogVAR7AjlC0327U4el4L6eAvOqCeudMDVU0NThNaV+b9Df4dXgSP1gXMTnPdhfe/2qDH5cg=="
    "resolved" "https://registry.npmjs.org/prop-types/-/prop-types-15.8.1.tgz"
    "version" "15.8.1"
    dependencies:
      "loose-envify" "^1.4.0"
      "object-assign" "^4.1.1"
      "react-is" "^16.13.1"
  
  "raf-schd@^4.0.2":
    "integrity" "sha512-tQkJl2GRWh83ui2DiPTJz9wEiMN20syf+5oKfB03yYP7ioZcJwsIK8FjrtLwH1m7C7e+Tt2yYBlrOpdT+dyeIQ=="
    "resolved" "https://registry.npmjs.org/raf-schd/-/raf-schd-4.0.3.tgz"
    "version" "4.0.3"
  
  "react-beautiful-dnd@^13.1.1":
    "integrity" "sha512-0Lvs4tq2VcrEjEgDXHjT98r+63drkKEgqyxdA7qD3mvKwga6a5SscbdLPO2IExotU1jW8L0Ksdl0Cj2AF67nPQ=="
    "resolved" "https://registry.npmjs.org/react-beautiful-dnd/-/react-beautiful-dnd-13.1.1.tgz"
    "version" "13.1.1"
    dependencies:
      "@babel/runtime" "^7.9.2"
      "css-box-model" "^1.2.0"
      "memoize-one" "^5.1.1"
      "raf-schd" "^4.0.2"
      "react-redux" "^7.2.0"
      "redux" "^4.0.4"
      "use-memo-one" "^1.1.1"
  
  "react-dom@^16.8.5 || ^17.0.0 || ^18.0.0", "react-dom@^17.0.2 || ^18.0.0-0", "react-dom@^18.0.0", "react-dom@^18.2.0":
    "integrity" "sha512-6IMTriUmvsjHUjNtEDudZfuDQUoWXVxKHhlEGSk81n4YFS+r/Kl99wXiwlVXtPBtJenozv2P+hxDsw9eA7Xo6g=="
    "resolved" "https://registry.npmjs.org/react-dom/-/react-dom-18.2.0.tgz"
    "version" "18.2.0"
    dependencies:
      "loose-envify" "^1.1.0"
      "scheduler" "^0.23.0"
  
  "react-is@^16.13.1":
    "integrity" "sha512-24e6ynE2H+OKt4kqsOvNd8kBpV65zoxbA4BVsEOB3ARVWQki/DHzaUoC5KuON/BiccDaCCTZBuOcfZs70kR8bQ=="
    "resolved" "https://registry.npmjs.org/react-is/-/react-is-16.13.1.tgz"
    "version" "16.13.1"
  
  "react-is@^16.7.0":
    "integrity" "sha512-24e6ynE2H+OKt4kqsOvNd8kBpV65zoxbA4BVsEOB3ARVWQki/DHzaUoC5KuON/BiccDaCCTZBuOcfZs70kR8bQ=="
    "resolved" "https://registry.npmjs.org/react-is/-/react-is-16.13.1.tgz"
    "version" "16.13.1"
  
  "react-is@^17.0.2":
    "integrity" "sha512-w2GsyukL62IJnlaff/nRegPQR94C/XXamvMWmSHRJ4y7Ts/4ocGRmTHvOs8PSE6pB3dWOrD/nueuU5sduBsQ4w=="
    "resolved" "https://registry.npmjs.org/react-is/-/react-is-17.0.2.tgz"
    "version" "17.0.2"
  
  "react-redux@^7.2.0":
    "integrity" "sha512-Gx4L3uM182jEEayZfRbI/G11ZpYdNAnBs70lFVMNdHJI76XYtR+7m0MN+eAs7UHBPhWXcnFPaS+9owSCJQHNpQ=="
    "resolved" "https://registry.npmjs.org/react-redux/-/react-redux-7.2.9.tgz"
    "version" "7.2.9"
    dependencies:
      "@babel/runtime" "^7.15.4"
      "@types/react-redux" "^7.1.20"
      "hoist-non-react-statics" "^3.3.2"
      "loose-envify" "^1.4.0"
      "prop-types" "^15.7.2"
      "react-is" "^17.0.2"
  
  "react@^16.8.0 || ^17.0.0 || ^18.0.0", "react@^16.8.3 || ^17 || ^18", "react@^16.8.5 || ^17.0.0 || ^18.0.0", "react@^17.0.2 || ^18.0.0-0", "react@^18.0.0", "react@^18.2.0", "react@>= 16.8.0 || 17.x.x || ^18.0.0-0":
    "integrity" "sha512-/3IjMdb2L9QbBdWiW5e3P2/npwMBaU9mHCSCUzNln0ZCYbcfTsGbTJrU/kGemdH2IWmB2ioZ+zkxtmq6g09fGQ=="
    "resolved" "https://registry.npmjs.org/react/-/react-18.2.0.tgz"
    "version" "18.2.0"
    dependencies:
      "loose-envify" "^1.1.0"
  
  "readdirp@~3.6.0":
    "integrity" "sha512-hOS089on8RduqdbhvQ5Z37A0ESjsqz6qnRcffsMU3495FuTdqSm+7bhJ29JvIOsBDEEnan5DPu9t3To9VRlMzA=="
    "resolved" "https://registry.npmjs.org/readdirp/-/readdirp-3.6.0.tgz"
    "version" "3.6.0"
    dependencies:
      "picomatch" "^2.2.1"
  
  "redux@^4.0.0", "redux@^4.0.4":
    "integrity" "sha512-oSBmcKKIuIR4ME29/AeNUnl5L+hvBq7OaJWzaptTQJAntaPvxIJqfnjbaEiCzzaIz+XmVILfqAM3Ob0aXLPfjA=="
    "resolved" "https://registry.npmjs.org/redux/-/redux-4.2.0.tgz"
    "version" "4.2.0"
    dependencies:
      "@babel/runtime" "^7.9.2"
  
  "regenerator-runtime@^0.13.10":
    "integrity" "sha512-kY1AZVr2Ra+t+piVaJ4gxaFaReZVH40AKNo7UCX6W+dEwBo/2oZJzqfuN1qLq1oL45o56cPaTXELwrTh8Fpggg=="
    "resolved" "https://registry.npmjs.org/regenerator-runtime/-/regenerator-runtime-0.13.11.tgz"
    "version" "0.13.11"
  
  "sass@^1.3.0", "sass@^1.54.3":
    "integrity" "sha512-fLodey5Qd41Pxp/Tk7Al97sViYwF/TazRc5t6E65O7JOk4XF8pzwIW7CvCxYVOfJFFI/1x5+elDyBIixrp+zrw=="
    "resolved" "https://registry.npmjs.org/sass/-/sass-1.54.3.tgz"
    "version" "1.54.3"
    dependencies:
      "chokidar" ">=3.0.0 <4.0.0"
      "immutable" "^4.0.0"
      "source-map-js" ">=0.6.2 <2.0.0"
  
  "scheduler@^0.23.0":
    "integrity" "sha512-CtuThmgHNg7zIZWAXi3AsyIzA3n4xx7aNyjwC2VJldO2LMVDhFK+63xGqq6CsJH4rTAt6/M+N4GhZiDYPx9eUw=="
    "resolved" "https://registry.npmjs.org/scheduler/-/scheduler-0.23.0.tgz"
    "version" "0.23.0"
    dependencies:
      "loose-envify" "^1.1.0"
  
  "source-map-js@^1.0.2", "source-map-js@>=0.6.2 <2.0.0":
    "integrity" "sha512-R0XvVJ9WusLiqTCEiGCmICCMplcCkIwwR11mOSD9CR5u+IXYdiseeEuXCVAjS54zqwkLcPNnmU4OeJ6tUrWhDw=="
    "resolved" "https://registry.npmjs.org/source-map-js/-/source-map-js-1.0.2.tgz"
    "version" "1.0.2"
  
  "styled-jsx@5.0.2":
    "integrity" "sha512-LqPQrbBh3egD57NBcHET4qcgshPks+yblyhPlH2GY8oaDgKs8SK4C3dBh3oSJjgzJ3G5t1SYEZGHkP+QEpX9EQ=="
    "resolved" "https://registry.npmjs.org/styled-jsx/-/styled-jsx-5.0.2.tgz"
    "version" "5.0.2"
  
  "tiny-invariant@^1.0.6":
    "integrity" "sha512-AD5ih2NlSssTCwsMznbvwMZpJ1cbhkGd2uueNxzv2jDlEeZdU04JQfRnggJQ8DrcVBGjAsCKwFBbDlVNtEMlzw=="
    "resolved" "https://registry.npmjs.org/tiny-invariant/-/tiny-invariant-1.3.1.tgz"
    "version" "1.3.1"
  
  "to-regex-range@^5.0.1":
    "integrity" "sha512-65P7iz6X5yEr1cwcgvQxbbIw7Uk3gOy5dIdtZ4rDveLqhrdJP+Li/Hx6tyK0NEb+2GCyneCMJiGqrADCSNk8sQ=="
    "resolved" "https://registry.npmjs.org/to-regex-range/-/to-regex-range-5.0.1.tgz"
    "version" "5.0.1"
    dependencies:
      "is-number" "^7.0.0"
  
  "tslib@^2.3.1", "tslib@^2.4.0":
    "integrity" "sha512-d6xOpEDfsi2CZVlPQzGeux8XMwLT9hssAsaPYExaQMuYskwb+x1x7J371tWlbBdWHroy99KnVB6qIkUbs5X3UQ=="
    "resolved" "https://registry.npmjs.org/tslib/-/tslib-2.4.0.tgz"
    "version" "2.4.0"
  
  "typescript@^4.7.4":
    "integrity" "sha512-C0WQT0gezHuw6AdY1M2jxUO83Rjf0HP7Sk1DtXj6j1EwkQNZrHAg2XPWlq62oqEhYvONq5pkC2Y9oPljWToLmQ=="
    "resolved" "https://registry.npmjs.org/typescript/-/typescript-4.7.4.tgz"
    "version" "4.7.4"
  
  "use-memo-one@^1.1.1":
    "integrity" "sha512-g66/K7ZQGYrI6dy8GLpVcMsBp4s17xNkYJVSMvTEevGy3nDxHOfE6z8BVE22+5G5x7t3+bhzrlTDB7ObrEE0cQ=="
    "resolved" "https://registry.npmjs.org/use-memo-one/-/use-memo-one-1.1.3.tgz"
    "version" "1.1.3"
  
  "use-sync-external-store@1.2.0":
    "integrity" "sha512-eEgnFxGQ1Ife9bzYs6VLi8/4X6CObHMw9Qr9tPY43iKwsPw8xE8+EFsf/2cFZ5S3esXgpWgtSCtLNS41F+sKPA=="
    "resolved" "https://registry.npmjs.org/use-sync-external-store/-/use-sync-external-store-1.2.0.tgz"
    "version" "1.2.0"

Trace: 
  Error: EPERM: operation not permitted, unlink 'C:\Users\deryx\react-spanish-tutor\node_modules\.prisma\client\query_engine-windows.dll.node'
